-->00
<--0001
-->00
<--0001
-->00
<--0001
-->00
<--0001
-->00
<--0001
-->00
<--0001
-->00
<--0001
-->00
<--0001
-->FF
<--0FF0
-->00
<--0001
-->05
<--0050
-->00
<--0001
-->05
<--0050
-->00
<--0001
-->05
<--0050
-->00
<--0001
-->05
<--0050
-->00
<--0001
-->05
<--0050
-->00
<--0001
-->05
<--0050
-->00
<--000001
-->05
<--000500
-->00
<--000001
-->05
<--000500
-->00
<--000001
-->05
<--000500
-->00
<--000001
-->00
<--000001
-->00
<--000001
-->05
<--000500
-->00
<--000001
-->00
<--000001
-->05
<--000500
-->00
<--000001
-->FF
<--00FF00
-->01
<--000101
<--1FFFF
-->01
<--000101
awaiting 1
<--1FFFF
timeout 1
-->01
<--000101
awaiting 1
<--1FFFF
timeout 1
-->01
<--000101
awaiting 1
<--1FFFF
timeout 1
-->01
<--000101
awaiting 1
<--01FFFF
found 1
-->FF
<--00FF00
-->00
<--000001
-->02 01
<--00020101
-->01
<--000101
awaiting 1
<--010000
found 1
-->01
<--000101
awaiting 1
<--010000
found 1
-->02 01
<--00020101
-->01
<--000101
awaiting 1
<--01FFFF
found 1
-->02 01
<--00020101
-->01
<--000101
awaiting 1
<--010000
found 1
-->01
<--000101
<--010000
awaiting 1
found 1
-->00
<--000001
-->FF
<--00FF00
-->00
<--000001
-->00
<--000001
-->FF
<--00FF00
